2024-08-30 11:28:53,443 - app.main - INFO - Request: GET http://localhost:8082/api/v1/sectors
2024-08-30 11:28:53,447 - app.api.stocks - INFO - Fetching sectors performance data
2024-08-30 11:28:53,447 - app.api.stocks - INFO - Calling API: https://financialmodelingprep.com/api/v3/sectors-performance with params: {'apikey': 'BUxljyvDEfS76UE7TH5btuezouFC71mq'}
2024-08-30 11:28:54,278 - app.api.stocks - INFO - API call successful: https://financialmodelingprep.com/api/v3/sectors-performance
2024-08-30 11:28:54,278 - app.api.stocks - INFO - Sectors data retrieved: 11 items
2024-08-30 11:28:54,280 - app.main - INFO - Completed in 0.84ms
2024-08-30 11:28:54,280 - app.main - INFO - Response status: 200
2024-08-30 11:30:27,700 - app.main - INFO - Request: GET http://localhost:8082/api/v1/sectors
2024-08-30 11:30:27,706 - app.api.stocks - INFO - Fetching sectors performance data
2024-08-30 11:30:27,707 - app.api.stocks - INFO - Calling API: https://financialmodelingprep.com/api/v3/sectors-performance with params: {'apikey': 'BUxljyvDEfS76UE7TH5btuezouFC71mq'}
2024-08-30 11:30:28,543 - app.api.stocks - INFO - API call successful: https://financialmodelingprep.com/api/v3/sectors-performance
2024-08-30 11:30:28,544 - app.api.stocks - INFO - API call data: [{'sector': 'Basic Materials', 'changesPercentage': '-0.19231%'}, {'sector': 'Communication Services', 'changesPercentage': '-0.47915%'}, {'sector': 'Consumer Cyclical', 'changesPercentage': '-0.50356%'}, {'sector': 'Consumer Defensive', 'changesPercentage': '-0.52255%'}, {'sector': 'Energy', 'changesPercentage': '-0.92143%'}, {'sector': 'Financial Services', 'changesPercentage': '-0.0823%'}, {'sector': 'Healthcare', 'changesPercentage': '-0.35257%'}, {'sector': 'Industrials', 'changesPercentage': '-0.22672%'}, {'sector': 'Real Estate', 'changesPercentage': '0.45844%'}, {'sector': 'Technology', 'changesPercentage': '-0.68692%'}, {'sector': 'Utilities', 'changesPercentage': '-0.06354%'}]
2024-08-30 11:30:28,546 - app.api.stocks - INFO - Sectors data retrieved: 11 items
2024-08-30 11:30:28,547 - app.main - INFO - Completed in 0.85ms
2024-08-30 11:30:28,548 - app.main - INFO - Response status: 200
2024-08-30 11:38:09,946 - app.main - INFO - Request: GET http://localhost:8082/api/v1/sectors
2024-08-30 11:38:09,948 - app.api.stocks - INFO - Fetching sectors performance data
2024-08-30 11:38:09,948 - app.api.stocks - INFO - Calling API: https://financialmodelingprep.com/api/v3/sectors-performance with params: {'apikey': 'BUxljyvDEfS76UE7TH5btuezouFC71mq'}
2024-08-30 11:38:12,581 - app.api.stocks - INFO - API call successful: https://financialmodelingprep.com/api/v3/sectors-performance
2024-08-30 11:38:12,582 - app.api.stocks - INFO - Sectors data retrieved: 11 items
2024-08-30 11:38:12,583 - app.main - INFO - Completed in 2.64ms
2024-08-30 11:38:12,584 - app.main - ERROR - Unhandled exception: '_StreamingResponse' object has no attribute 'body'
2024-08-30 11:39:35,689 - app.main - INFO - Request: GET http://localhost:8082/api/v1/sectors
2024-08-30 11:39:35,691 - app.api.stocks - INFO - Fetching sectors performance data
2024-08-30 11:39:35,691 - app.api.stocks - INFO - Calling API: https://financialmodelingprep.com/api/v3/sectors-performance with params: {'apikey': 'BUxljyvDEfS76UE7TH5btuezouFC71mq'}
2024-08-30 11:39:38,179 - app.api.stocks - INFO - API call successful: https://financialmodelingprep.com/api/v3/sectors-performance
2024-08-30 11:39:38,180 - app.api.stocks - INFO - Sectors data retrieved: 11 items
2024-08-30 11:39:38,181 - app.main - INFO - Completed in 2.49ms
2024-08-30 11:39:38,181 - app.main - DEBUG - Response: 200 - StreamingResponse
2024-08-30 11:40:17,011 - app.main - INFO - Request: GET http://localhost:8082/api/v1/sectors
2024-08-30 11:40:17,012 - app.api.stocks - INFO - Fetching sectors performance data
2024-08-30 11:40:17,012 - app.api.stocks - INFO - Calling API: https://financialmodelingprep.com/api/v3/sectors-performance with params: {'apikey': 'BUxljyvDEfS76UE7TH5btuezouFC71mq'}
2024-08-30 11:40:19,465 - app.api.stocks - INFO - API call successful: https://financialmodelingprep.com/api/v3/sectors-performance
2024-08-30 11:40:19,465 - app.api.stocks - INFO - API call data: [{'sector': 'Basic Materials', 'changesPercentage': '-0.19231%'}, {'sector': 'Communication Services', 'changesPercentage': '-0.47915%'}, {'sector': 'Consumer Cyclical', 'changesPercentage': '-0.50356%'}, {'sector': 'Consumer Defensive', 'changesPercentage': '-0.52255%'}, {'sector': 'Energy', 'changesPercentage': '-0.92143%'}, {'sector': 'Financial Services', 'changesPercentage': '-0.0823%'}, {'sector': 'Healthcare', 'changesPercentage': '-0.35257%'}, {'sector': 'Industrials', 'changesPercentage': '-0.22672%'}, {'sector': 'Real Estate', 'changesPercentage': '0.45844%'}, {'sector': 'Technology', 'changesPercentage': '-0.68692%'}, {'sector': 'Utilities', 'changesPercentage': '-0.06354%'}]
2024-08-30 11:40:19,467 - app.api.stocks - INFO - Sectors data retrieved: 11 items
2024-08-30 11:40:19,470 - app.main - INFO - Completed in 2.46ms
2024-08-30 11:40:19,471 - app.main - DEBUG - Response: 200 - StreamingResponse
2024-08-30 11:46:16,429 - app.main - INFO - Starting up the FastAPI application
2024-08-30 11:46:31,785 - app.main - INFO - Request: GET http://localhost:8082/api/v1/sectors
2024-08-30 11:46:31,786 - app.main - ERROR - Unhandled exception: name 'time' is not defined
2024-08-30 11:47:13,902 - app.main - INFO - Shutting down the FastAPI application
2024-08-30 11:47:17,968 - app.main - INFO - Starting up the FastAPI application
2024-08-30 11:47:17,978 - app.main - INFO - Request: GET http://localhost:8082/api/v1/sectors
2024-08-30 11:47:17,979 - app.api.stocks - INFO - Fetching sectors performance data
2024-08-30 11:47:17,980 - app.api.stocks - INFO - Calling API: https://financialmodelingprep.com/api/v3/sectors-performance with params: {'apikey': 'BUxljyvDEfS76UE7TH5btuezouFC71mq'}
2024-08-30 11:47:20,473 - app.api.stocks - INFO - API call successful: https://financialmodelingprep.com/api/v3/sectors-performance
2024-08-30 11:47:20,474 - app.api.stocks - INFO - Sectors data retrieved: 11 items
2024-08-30 11:47:20,475 - app.main - INFO - Completed in 2.50ms
2024-08-30 11:47:20,476 - app.main - DEBUG - Response: 200 - StreamingResponse
2024-08-30 11:47:21,861 - app.main - INFO - Request: GET http://localhost:8082/api/v1/sectors
2024-08-30 11:47:21,862 - app.api.stocks - INFO - Fetching sectors performance data
2024-08-30 11:47:21,863 - app.api.stocks - INFO - Calling API: https://financialmodelingprep.com/api/v3/sectors-performance with params: {'apikey': 'BUxljyvDEfS76UE7TH5btuezouFC71mq'}
2024-08-30 11:47:22,670 - app.api.stocks - INFO - API call successful: https://financialmodelingprep.com/api/v3/sectors-performance
2024-08-30 11:47:22,671 - app.api.stocks - INFO - Sectors data retrieved: 11 items
2024-08-30 11:47:22,672 - app.main - INFO - Completed in 0.81ms
2024-08-30 11:47:22,673 - app.main - DEBUG - Response: 200 - StreamingResponse
2024-08-30 11:47:24,685 - app.main - INFO - Request: GET http://localhost:8082/api/v1/sectors
2024-08-30 11:47:24,687 - app.api.stocks - INFO - Fetching sectors performance data
2024-08-30 11:47:24,688 - app.api.stocks - INFO - Calling API: https://financialmodelingprep.com/api/v3/sectors-performance with params: {'apikey': 'BUxljyvDEfS76UE7TH5btuezouFC71mq'}
2024-08-30 11:47:25,479 - app.api.stocks - INFO - API call successful: https://financialmodelingprep.com/api/v3/sectors-performance
2024-08-30 11:47:25,480 - app.api.stocks - INFO - Sectors data retrieved: 11 items
2024-08-30 11:47:25,481 - app.main - INFO - Completed in 0.79ms
2024-08-30 11:47:25,482 - app.main - DEBUG - Response: 200 - StreamingResponse
2024-08-30 11:47:26,574 - app.main - INFO - Request: GET http://localhost:8082/api/v1/sectors
2024-08-30 11:47:26,575 - app.api.stocks - INFO - Fetching sectors performance data
2024-08-30 11:47:26,575 - app.api.stocks - INFO - Calling API: https://financialmodelingprep.com/api/v3/sectors-performance with params: {'apikey': 'BUxljyvDEfS76UE7TH5btuezouFC71mq'}
2024-08-30 11:47:27,386 - app.api.stocks - INFO - API call successful: https://financialmodelingprep.com/api/v3/sectors-performance
2024-08-30 11:47:27,387 - app.api.stocks - INFO - Sectors data retrieved: 11 items
2024-08-30 11:47:27,389 - app.main - INFO - Completed in 0.82ms
2024-08-30 11:47:27,389 - app.main - DEBUG - Response: 200 - StreamingResponse
2024-08-30 11:47:28,355 - app.main - INFO - Request: GET http://localhost:8082/api/v1/sectors
2024-08-30 11:47:28,356 - app.api.stocks - INFO - Fetching sectors performance data
2024-08-30 11:47:28,357 - app.api.stocks - INFO - Calling API: https://financialmodelingprep.com/api/v3/sectors-performance with params: {'apikey': 'BUxljyvDEfS76UE7TH5btuezouFC71mq'}
2024-08-30 11:47:29,175 - app.api.stocks - INFO - API call successful: https://financialmodelingprep.com/api/v3/sectors-performance
2024-08-30 11:47:29,176 - app.api.stocks - INFO - Sectors data retrieved: 11 items
2024-08-30 11:47:29,177 - app.main - INFO - Completed in 0.82ms
2024-08-30 11:47:29,177 - app.main - DEBUG - Response: 200 - StreamingResponse
2024-08-30 11:47:48,578 - app.main - INFO - Request: GET http://localhost:8082/api/v1/sectors
2024-08-30 11:47:48,580 - app.api.stocks - INFO - Fetching sectors performance data
2024-08-30 11:47:48,581 - app.api.stocks - INFO - Calling API: https://financialmodelingprep.com/api/v3/sectors-performance with params: {'apikey': 'BUxljyvDEfS76UE7TH5btuezouFC71mq'}
2024-08-30 11:47:49,383 - app.api.stocks - INFO - API call successful: https://financialmodelingprep.com/api/v3/sectors-performance
2024-08-30 11:47:49,384 - app.api.stocks - INFO - Sectors data retrieved: 11 items
2024-08-30 11:47:49,385 - app.main - INFO - Completed in 0.81ms
2024-08-30 11:47:49,385 - app.main - DEBUG - Response: 200 - StreamingResponse
2024-08-30 11:48:06,749 - app.main - INFO - Shutting down the FastAPI application
2024-08-30 11:48:10,258 - app.main - INFO - Starting up the FastAPI application
2024-08-30 11:48:11,012 - app.main - INFO - Request: GET http://localhost:8082/api/v1/sectors
2024-08-30 11:48:11,014 - app.api.stocks - INFO - Fetching sectors performance data
2024-08-30 11:48:11,014 - app.api.stocks - INFO - Calling API: https://financialmodelingprep.com/api/v3/sectors-performance with params: {'apikey': 'BUxljyvDEfS76UE7TH5btuezouFC71mq'}
2024-08-30 11:48:13,523 - app.api.stocks - INFO - API call successful: https://financialmodelingprep.com/api/v3/sectors-performance
2024-08-30 11:48:13,524 - app.api.stocks - INFO - API call data: [{'sector': 'Basic Materials', 'changesPercentage': '-0.19231%'}, {'sector': 'Communication Services', 'changesPercentage': '-0.47915%'}, {'sector': 'Consumer Cyclical', 'changesPercentage': '-0.50356%'}, {'sector': 'Consumer Defensive', 'changesPercentage': '-0.52255%'}, {'sector': 'Energy', 'changesPercentage': '-0.92143%'}, {'sector': 'Financial Services', 'changesPercentage': '-0.0823%'}, {'sector': 'Healthcare', 'changesPercentage': '-0.35257%'}, {'sector': 'Industrials', 'changesPercentage': '-0.22672%'}, {'sector': 'Real Estate', 'changesPercentage': '0.45844%'}, {'sector': 'Technology', 'changesPercentage': '-0.68692%'}, {'sector': 'Utilities', 'changesPercentage': '-0.06354%'}]
2024-08-30 11:48:13,525 - app.api.stocks - INFO - Sectors data retrieved: 11 items
2024-08-30 11:48:13,526 - app.main - INFO - Completed in 2.51ms
2024-08-30 11:48:13,527 - app.main - DEBUG - Response: 200 - StreamingResponse
2024-08-30 11:48:14,621 - app.main - INFO - Request: GET http://localhost:8082/api/v1/sectors
2024-08-30 11:48:14,622 - app.api.stocks - INFO - Fetching sectors performance data
2024-08-30 11:48:14,623 - app.api.stocks - INFO - Calling API: https://financialmodelingprep.com/api/v3/sectors-performance with params: {'apikey': 'BUxljyvDEfS76UE7TH5btuezouFC71mq'}
2024-08-30 11:48:15,430 - app.api.stocks - INFO - API call successful: https://financialmodelingprep.com/api/v3/sectors-performance
2024-08-30 11:48:15,431 - app.api.stocks - INFO - API call data: [{'sector': 'Basic Materials', 'changesPercentage': '-0.19231%'}, {'sector': 'Communication Services', 'changesPercentage': '-0.47915%'}, {'sector': 'Consumer Cyclical', 'changesPercentage': '-0.50356%'}, {'sector': 'Consumer Defensive', 'changesPercentage': '-0.52255%'}, {'sector': 'Energy', 'changesPercentage': '-0.92143%'}, {'sector': 'Financial Services', 'changesPercentage': '-0.0823%'}, {'sector': 'Healthcare', 'changesPercentage': '-0.35257%'}, {'sector': 'Industrials', 'changesPercentage': '-0.22672%'}, {'sector': 'Real Estate', 'changesPercentage': '0.45844%'}, {'sector': 'Technology', 'changesPercentage': '-0.68692%'}, {'sector': 'Utilities', 'changesPercentage': '-0.06354%'}]
2024-08-30 11:48:15,432 - app.api.stocks - INFO - Sectors data retrieved: 11 items
2024-08-30 11:48:15,433 - app.main - INFO - Completed in 0.81ms
2024-08-30 11:48:15,433 - app.main - DEBUG - Response: 200 - StreamingResponse
2024-08-30 11:48:16,417 - app.main - INFO - Request: GET http://localhost:8082/api/v1/sectors
2024-08-30 11:48:16,418 - app.api.stocks - INFO - Fetching sectors performance data
2024-08-30 11:48:16,419 - app.api.stocks - INFO - Calling API: https://financialmodelingprep.com/api/v3/sectors-performance with params: {'apikey': 'BUxljyvDEfS76UE7TH5btuezouFC71mq'}
2024-08-30 11:48:17,213 - app.api.stocks - INFO - API call successful: https://financialmodelingprep.com/api/v3/sectors-performance
2024-08-30 11:48:17,213 - app.api.stocks - INFO - API call data: [{'sector': 'Basic Materials', 'changesPercentage': '-0.19231%'}, {'sector': 'Communication Services', 'changesPercentage': '-0.47915%'}, {'sector': 'Consumer Cyclical', 'changesPercentage': '-0.50356%'}, {'sector': 'Consumer Defensive', 'changesPercentage': '-0.52255%'}, {'sector': 'Energy', 'changesPercentage': '-0.92143%'}, {'sector': 'Financial Services', 'changesPercentage': '-0.0823%'}, {'sector': 'Healthcare', 'changesPercentage': '-0.35257%'}, {'sector': 'Industrials', 'changesPercentage': '-0.22672%'}, {'sector': 'Real Estate', 'changesPercentage': '0.45844%'}, {'sector': 'Technology', 'changesPercentage': '-0.68692%'}, {'sector': 'Utilities', 'changesPercentage': '-0.06354%'}]
2024-08-30 11:48:17,215 - app.api.stocks - INFO - Sectors data retrieved: 11 items
2024-08-30 11:48:17,216 - app.main - INFO - Completed in 0.80ms
2024-08-30 11:48:17,216 - app.main - DEBUG - Response: 200 - StreamingResponse
2024-08-30 11:48:18,332 - app.main - INFO - Request: GET http://localhost:8082/api/v1/sectors
2024-08-30 11:48:18,333 - app.api.stocks - INFO - Fetching sectors performance data
2024-08-30 11:48:18,334 - app.api.stocks - INFO - Calling API: https://financialmodelingprep.com/api/v3/sectors-performance with params: {'apikey': 'BUxljyvDEfS76UE7TH5btuezouFC71mq'}
2024-08-30 11:48:19,148 - app.api.stocks - INFO - API call successful: https://financialmodelingprep.com/api/v3/sectors-performance
2024-08-30 11:48:19,148 - app.api.stocks - INFO - API call data: [{'sector': 'Basic Materials', 'changesPercentage': '-0.19231%'}, {'sector': 'Communication Services', 'changesPercentage': '-0.47915%'}, {'sector': 'Consumer Cyclical', 'changesPercentage': '-0.50356%'}, {'sector': 'Consumer Defensive', 'changesPercentage': '-0.52255%'}, {'sector': 'Energy', 'changesPercentage': '-0.92143%'}, {'sector': 'Financial Services', 'changesPercentage': '-0.0823%'}, {'sector': 'Healthcare', 'changesPercentage': '-0.35257%'}, {'sector': 'Industrials', 'changesPercentage': '-0.22672%'}, {'sector': 'Real Estate', 'changesPercentage': '0.45844%'}, {'sector': 'Technology', 'changesPercentage': '-0.68692%'}, {'sector': 'Utilities', 'changesPercentage': '-0.06354%'}]
2024-08-30 11:48:19,149 - app.api.stocks - INFO - Sectors data retrieved: 11 items
2024-08-30 11:48:19,150 - app.main - INFO - Completed in 0.82ms
2024-08-30 11:48:19,151 - app.main - DEBUG - Response: 200 - StreamingResponse
2024-08-30 11:48:29,068 - app.main - INFO - Request: GET http://localhost:8082/api/v1/sectors
2024-08-30 11:48:29,069 - app.api.stocks - INFO - Fetching sectors performance data
2024-08-30 11:48:29,070 - app.api.stocks - INFO - Calling API: https://financialmodelingprep.com/api/v3/sectors-performance with params: {'apikey': 'BUxljyvDEfS76UE7TH5btuezouFC71mq'}
2024-08-30 11:48:29,925 - app.api.stocks - INFO - API call successful: https://financialmodelingprep.com/api/v3/sectors-performance
2024-08-30 11:48:29,926 - app.api.stocks - INFO - API call data: [{'sector': 'Basic Materials', 'changesPercentage': '-0.19231%'}, {'sector': 'Communication Services', 'changesPercentage': '-0.47915%'}, {'sector': 'Consumer Cyclical', 'changesPercentage': '-0.50356%'}, {'sector': 'Consumer Defensive', 'changesPercentage': '-0.52255%'}, {'sector': 'Energy', 'changesPercentage': '-0.92143%'}, {'sector': 'Financial Services', 'changesPercentage': '-0.0823%'}, {'sector': 'Healthcare', 'changesPercentage': '-0.35257%'}, {'sector': 'Industrials', 'changesPercentage': '-0.22672%'}, {'sector': 'Real Estate', 'changesPercentage': '0.45844%'}, {'sector': 'Technology', 'changesPercentage': '-0.68692%'}, {'sector': 'Utilities', 'changesPercentage': '-0.06354%'}]
2024-08-30 11:48:29,927 - app.api.stocks - INFO - Sectors data retrieved: 11 items
2024-08-30 11:48:29,929 - app.main - INFO - Completed in 0.86ms
2024-08-30 11:48:29,930 - app.main - DEBUG - Response: 200 - StreamingResponse
2024-08-30 12:02:54,493 - app.main - INFO - Shutting down the FastAPI application
2024-08-30 12:06:25,991 - app.main - INFO - Starting up the FastAPI application
2024-08-30 12:06:45,132 - app.main - INFO - Shutting down the FastAPI application
2024-08-30 12:06:47,814 - app.main - INFO - Starting up the FastAPI application
2024-08-30 12:07:04,849 - app.main - INFO - Request: GET http://localhost:8082/api/v1/sectors
2024-08-30 12:07:04,851 - app.api.stocks - INFO - Fetching sectors performance data
2024-08-30 12:07:04,852 - app.api.stocks - INFO - Calling API: https://financialmodelingprep.com/api/v3/sectors-performance with params: {'apikey': 'BUxljyvDEfS76UE7TH5btuezouFC71mq'}
2024-08-30 12:07:07,302 - app.api.stocks - INFO - API call successful: https://financialmodelingprep.com/api/v3/sectors-performance
2024-08-30 12:07:07,303 - app.api.stocks - INFO - API call data: [{'sector': 'Basic Materials', 'changesPercentage': '-0.19231%'}, {'sector': 'Communication Services', 'changesPercentage': '-0.47915%'}, {'sector': 'Consumer Cyclical', 'changesPercentage': '-0.50356%'}, {'sector': 'Consumer Defensive', 'changesPercentage': '-0.52255%'}, {'sector': 'Energy', 'changesPercentage': '-0.92143%'}, {'sector': 'Financial Services', 'changesPercentage': '-0.0823%'}, {'sector': 'Healthcare', 'changesPercentage': '-0.35257%'}, {'sector': 'Industrials', 'changesPercentage': '-0.22672%'}, {'sector': 'Real Estate', 'changesPercentage': '0.45844%'}, {'sector': 'Technology', 'changesPercentage': '-0.68692%'}, {'sector': 'Utilities', 'changesPercentage': '-0.06354%'}]
2024-08-30 12:07:07,304 - app.api.stocks - INFO - Sectors data retrieved: 11 items
2024-08-30 12:07:07,305 - app.main - INFO - Completed in 2.45ms
2024-08-30 12:07:07,306 - app.main - DEBUG - Response: 200 - StreamingResponse
2024-08-30 12:07:09,814 - app.main - INFO - Request: GET http://localhost:8082/api/v1/sectors
2024-08-30 12:07:09,815 - app.api.stocks - INFO - Fetching sectors performance data
2024-08-30 12:07:09,816 - app.api.stocks - INFO - Calling API: https://financialmodelingprep.com/api/v3/sectors-performance with params: {'apikey': 'BUxljyvDEfS76UE7TH5btuezouFC71mq'}
2024-08-30 12:07:10,672 - app.api.stocks - INFO - API call successful: https://financialmodelingprep.com/api/v3/sectors-performance
2024-08-30 12:07:10,673 - app.api.stocks - INFO - API call data: [{'sector': 'Basic Materials', 'changesPercentage': '-0.19231%'}, {'sector': 'Communication Services', 'changesPercentage': '-0.47915%'}, {'sector': 'Consumer Cyclical', 'changesPercentage': '-0.50356%'}, {'sector': 'Consumer Defensive', 'changesPercentage': '-0.52255%'}, {'sector': 'Energy', 'changesPercentage': '-0.92143%'}, {'sector': 'Financial Services', 'changesPercentage': '-0.0823%'}, {'sector': 'Healthcare', 'changesPercentage': '-0.35257%'}, {'sector': 'Industrials', 'changesPercentage': '-0.22672%'}, {'sector': 'Real Estate', 'changesPercentage': '0.45844%'}, {'sector': 'Technology', 'changesPercentage': '-0.68692%'}, {'sector': 'Utilities', 'changesPercentage': '-0.06354%'}]
2024-08-30 12:07:10,674 - app.api.stocks - INFO - Sectors data retrieved: 11 items
2024-08-30 12:07:10,676 - app.main - INFO - Completed in 0.86ms
2024-08-30 12:07:10,676 - app.main - DEBUG - Response: 200 - StreamingResponse
2024-08-30 12:07:11,746 - app.main - INFO - Request: GET http://localhost:8082/api/v1/sectors
2024-08-30 12:07:11,748 - app.api.stocks - INFO - Fetching sectors performance data
2024-08-30 12:07:11,748 - app.api.stocks - INFO - Calling API: https://financialmodelingprep.com/api/v3/sectors-performance with params: {'apikey': 'BUxljyvDEfS76UE7TH5btuezouFC71mq'}
2024-08-30 12:07:12,587 - app.api.stocks - INFO - API call successful: https://financialmodelingprep.com/api/v3/sectors-performance
2024-08-30 12:07:12,588 - app.api.stocks - INFO - API call data: [{'sector': 'Basic Materials', 'changesPercentage': '-0.19231%'}, {'sector': 'Communication Services', 'changesPercentage': '-0.47915%'}, {'sector': 'Consumer Cyclical', 'changesPercentage': '-0.50356%'}, {'sector': 'Consumer Defensive', 'changesPercentage': '-0.52255%'}, {'sector': 'Energy', 'changesPercentage': '-0.92143%'}, {'sector': 'Financial Services', 'changesPercentage': '-0.0823%'}, {'sector': 'Healthcare', 'changesPercentage': '-0.35257%'}, {'sector': 'Industrials', 'changesPercentage': '-0.22672%'}, {'sector': 'Real Estate', 'changesPercentage': '0.45844%'}, {'sector': 'Technology', 'changesPercentage': '-0.68692%'}, {'sector': 'Utilities', 'changesPercentage': '-0.06354%'}]
2024-08-30 12:07:12,590 - app.api.stocks - INFO - Sectors data retrieved: 11 items
2024-08-30 12:07:12,592 - app.main - INFO - Completed in 0.85ms
2024-08-30 12:07:12,592 - app.main - DEBUG - Response: 200 - StreamingResponse
2024-08-30 12:12:25,003 - app.main - INFO - Shutting down the FastAPI application
2024-09-01 00:05:42,093 - app.main - INFO - Starting up the FastAPI application
2024-09-01 00:06:10,735 - app.main - INFO - Starting up the FastAPI application
2024-09-01 00:06:49,368 - app.main - INFO - Request: GET http://localhost:8082/api/v1/sectors
2024-09-01 00:06:49,372 - app.api.stocks - INFO - Fetching sectors performance data
2024-09-01 00:06:49,373 - app.api.stocks - INFO - Calling API: https://financialmodelingprep.com/api/v3/sectors-performance with params: {'apikey': 'BUxljyvDEfS76UE7TH5btuezouFC71mq'}
2024-09-01 00:06:51,778 - app.api.stocks - INFO - API call successful: https://financialmodelingprep.com/api/v3/sectors-performance
2024-09-01 00:06:51,779 - app.api.stocks - INFO - API call data: [{'sector': 'Basic Materials', 'changesPercentage': '0.66604%'}, {'sector': 'Communication Services', 'changesPercentage': '0.08628%'}, {'sector': 'Consumer Cyclical', 'changesPercentage': '1.04952%'}, {'sector': 'Consumer Defensive', 'changesPercentage': '0.3034%'}, {'sector': 'Energy', 'changesPercentage': '0.56932%'}, {'sector': 'Financial Services', 'changesPercentage': '0.69807%'}, {'sector': 'Healthcare', 'changesPercentage': '0.17377%'}, {'sector': 'Industrials', 'changesPercentage': '0.36273%'}, {'sector': 'Real Estate', 'changesPercentage': '1.14197%'}, {'sector': 'Technology', 'changesPercentage': '0.09687%'}, {'sector': 'Utilities', 'changesPercentage': '0.50158%'}]
2024-09-01 00:06:51,780 - app.api.stocks - INFO - Sectors data retrieved: 11 items
2024-09-01 00:06:51,780 - app.main - INFO - Completed in 2.41ms
2024-09-01 00:06:51,781 - app.main - DEBUG - Response: 200 - StreamingResponse
2024-09-01 00:08:37,161 - app.main - INFO - Shutting down the FastAPI application
2024-09-01 00:08:42,545 - app.main - INFO - Starting up the FastAPI application
2024-09-01 00:09:32,895 - app.main - INFO - Shutting down the FastAPI application
2024-09-01 00:09:38,584 - app.main - INFO - Starting up the FastAPI application
2024-09-01 00:13:22,275 - app.main - INFO - Request: GET http://localhost:8082/stocks/patterns/APPL
2024-09-01 00:13:22,276 - app.main - INFO - Completed in 0.00ms
2024-09-01 00:13:22,277 - app.main - DEBUG - Response: 404 - StreamingResponse
2024-09-01 00:21:57,176 - app.main - INFO - Request: GET http://localhost:8082/stocks/patterns/APPL
2024-09-01 00:21:57,179 - app.main - INFO - Completed in 0.00ms
2024-09-01 00:21:57,180 - app.main - DEBUG - Response: 404 - StreamingResponse
2024-09-01 00:22:29,713 - app.main - INFO - Request: GET http://localhost:8082/stocks/patterns/AAPL
2024-09-01 00:22:29,715 - app.main - INFO - Completed in 0.00ms
2024-09-01 00:22:29,715 - app.main - DEBUG - Response: 404 - StreamingResponse
2024-09-01 00:22:44,486 - app.main - INFO - Request: GET http://localhost:8082/patterns/AAPL
2024-09-01 00:22:44,487 - app.main - INFO - Completed in 0.00ms
2024-09-01 00:22:44,488 - app.main - DEBUG - Response: 404 - StreamingResponse
2024-09-01 00:24:49,364 - app.main - INFO - Shutting down the FastAPI application
2024-09-01 00:26:31,844 - app.main - INFO - Starting up the FastAPI application
2024-09-01 00:36:16,252 - app.main - INFO - Request: GET http://localhost:8082//api/v1/patterns/AAPL
2024-09-01 00:36:16,254 - app.main - INFO - Completed in 0.00ms
2024-09-01 00:36:16,255 - app.main - DEBUG - Response: 404 - StreamingResponse
2024-09-01 00:36:23,665 - app.main - INFO - Request: GET http://localhost:8082/api/v1/patterns/AAPL
2024-09-01 00:36:23,678 - celery.utils.functional - DEBUG - 
def xmap(task, it):
    return 1

2024-09-01 00:36:23,689 - celery.utils.functional - DEBUG - 
def chain(*args, **kwargs):
    return 1

2024-09-01 00:36:23,690 - celery.utils.functional - DEBUG - 
def backend_cleanup():
    return 1

2024-09-01 00:36:23,691 - celery.utils.functional - DEBUG - 
def xstarmap(task, it):
    return 1

2024-09-01 00:36:23,692 - celery.utils.functional - DEBUG - 
def manage_risk(symbol, risk_params):
    return 1

2024-09-01 00:36:23,693 - celery.utils.functional - DEBUG - 
def chord(self, header, body, partial_args=0, interval=1, countdown=2, max_retries=3, eager=4, **kwargs):
    return 1

2024-09-01 00:36:23,694 - celery.utils.functional - DEBUG - 
def accumulate(self, *args, **kwargs):
    return 1

2024-09-01 00:36:23,695 - celery.utils.functional - DEBUG - 
def backtest_strategy(symbol, strategy_params):
    return 1

2024-09-01 00:36:23,697 - celery.utils.functional - DEBUG - 
def chunks(task, it, n):
    return 1

2024-09-01 00:36:23,698 - celery.utils.functional - DEBUG - 
def generate_trade_signal(symbol):
    return 1

2024-09-01 00:36:23,701 - celery.utils.functional - DEBUG - 
def unlock_chord(self, group_id, callback, interval=0, max_retries=1, result=2, Result=3, GroupResult=4, result_from_tuple=5, **kwargs):
    return 1

2024-09-01 00:36:23,702 - celery.utils.functional - DEBUG - 
def analyze_trend(symbol):
    return 1

2024-09-01 00:36:23,703 - celery.utils.functional - DEBUG - 
def group(self, tasks, result, group_id, partial_args, add_to_parent=0):
    return 1

2024-09-01 00:36:23,704 - celery.utils.functional - DEBUG - 
def analyze_candlestick_patterns(symbol):
    return 1

2024-09-01 00:36:23,728 - kombu.connection - WARNING - No hostname was supplied. Reverting to default 'localhost'
2024-09-01 00:36:29,915 - app.main - ERROR - Unhandled exception: [WinError 10061] 대상 컴퓨터에서 연결을 거부했으므로 연결하지 못했습니다
2024-09-01 00:37:14,506 - app.main - INFO - Shutting down the FastAPI application
2024-09-01 00:38:35,008 - app.main - INFO - Starting up the FastAPI application
2024-09-01 00:38:57,675 - app.main - INFO - Shutting down the FastAPI application
2024-09-01 00:39:03,042 - app.main - INFO - Starting up the FastAPI application
2024-09-01 00:39:03,312 - app.main - INFO - Starting up the FastAPI application
2024-09-01 00:39:23,708 - app.main - INFO - Shutting down the FastAPI application
2024-09-01 00:39:31,563 - app.main - INFO - Starting up the FastAPI application
2024-09-01 00:39:42,047 - app.main - INFO - Request: GET http://localhost:8082/api/v1/sectors
2024-09-01 00:39:42,050 - app.api.stocks - INFO - Fetching sectors performance data
2024-09-01 00:39:42,051 - app.api.stocks - INFO - Calling API: https://financialmodelingprep.com/api/v3/sectors-performance with params: {'apikey': 'BUxljyvDEfS76UE7TH5btuezouFC71mq'}
2024-09-01 00:39:43,969 - app.api.stocks - INFO - API call successful: https://financialmodelingprep.com/api/v3/sectors-performance
2024-09-01 00:39:43,970 - app.api.stocks - INFO - API call data: [{'sector': 'Basic Materials', 'changesPercentage': '0.66604%'}, {'sector': 'Communication Services', 'changesPercentage': '0.08628%'}, {'sector': 'Consumer Cyclical', 'changesPercentage': '1.04952%'}, {'sector': 'Consumer Defensive', 'changesPercentage': '0.3034%'}, {'sector': 'Energy', 'changesPercentage': '0.56932%'}, {'sector': 'Financial Services', 'changesPercentage': '0.69807%'}, {'sector': 'Healthcare', 'changesPercentage': '0.17377%'}, {'sector': 'Industrials', 'changesPercentage': '0.36273%'}, {'sector': 'Real Estate', 'changesPercentage': '1.14197%'}, {'sector': 'Technology', 'changesPercentage': '0.09687%'}, {'sector': 'Utilities', 'changesPercentage': '0.50158%'}]
2024-09-01 00:39:43,971 - app.api.stocks - INFO - Sectors data retrieved: 11 items
2024-09-01 00:39:43,972 - app.main - INFO - Completed in 1.92ms
2024-09-01 00:39:43,972 - app.main - DEBUG - Response: 200 - StreamingResponse
2024-09-01 00:40:00,928 - app.main - INFO - Request: GET http://localhost:8082/api/v1/patterns/AAPL
2024-09-01 00:40:00,953 - celery.utils.functional - DEBUG - 
def xmap(task, it):
    return 1

2024-09-01 00:40:00,980 - celery.utils.functional - DEBUG - 
def chain(*args, **kwargs):
    return 1

2024-09-01 00:40:00,983 - celery.utils.functional - DEBUG - 
def backend_cleanup():
    return 1

2024-09-01 00:40:00,989 - celery.utils.functional - DEBUG - 
def xstarmap(task, it):
    return 1

2024-09-01 00:40:00,991 - celery.utils.functional - DEBUG - 
def manage_risk(symbol, risk_params):
    return 1

2024-09-01 00:40:00,993 - celery.utils.functional - DEBUG - 
def chord(self, header, body, partial_args=0, interval=1, countdown=2, max_retries=3, eager=4, **kwargs):
    return 1

2024-09-01 00:40:00,997 - celery.utils.functional - DEBUG - 
def accumulate(self, *args, **kwargs):
    return 1

2024-09-01 00:40:01,002 - celery.utils.functional - DEBUG - 
def backtest_strategy(symbol, strategy_params):
    return 1

2024-09-01 00:40:01,006 - celery.utils.functional - DEBUG - 
def chunks(task, it, n):
    return 1

2024-09-01 00:40:01,008 - celery.utils.functional - DEBUG - 
def generate_trade_signal(symbol):
    return 1

2024-09-01 00:40:01,010 - celery.utils.functional - DEBUG - 
def unlock_chord(self, group_id, callback, interval=0, max_retries=1, result=2, Result=3, GroupResult=4, result_from_tuple=5, **kwargs):
    return 1

2024-09-01 00:40:01,012 - celery.utils.functional - DEBUG - 
def analyze_trend(symbol):
    return 1

2024-09-01 00:40:01,014 - celery.utils.functional - DEBUG - 
def group(self, tasks, result, group_id, partial_args, add_to_parent=0):
    return 1

2024-09-01 00:40:01,016 - celery.utils.functional - DEBUG - 
def analyze_candlestick_patterns(symbol):
    return 1

2024-09-01 00:40:01,090 - kombu.connection - WARNING - No hostname was supplied. Reverting to default 'localhost'
2024-09-01 00:40:07,686 - app.main - ERROR - Unhandled exception: [WinError 10061] 대상 컴퓨터에서 연결을 거부했으므로 연결하지 못했습니다
2024-09-01 00:40:22,270 - app.main - INFO - Request: GET http://localhost:8082/api/v1/sectors
2024-09-01 00:40:22,271 - app.api.stocks - INFO - Fetching sectors performance data
2024-09-01 00:40:22,272 - app.api.stocks - INFO - Calling API: https://financialmodelingprep.com/api/v3/sectors-performance with params: {'apikey': 'BUxljyvDEfS76UE7TH5btuezouFC71mq'}
2024-09-01 00:40:23,076 - app.api.stocks - INFO - API call successful: https://financialmodelingprep.com/api/v3/sectors-performance
2024-09-01 00:40:23,078 - app.api.stocks - INFO - API call data: [{'sector': 'Basic Materials', 'changesPercentage': '0.66604%'}, {'sector': 'Communication Services', 'changesPercentage': '0.08628%'}, {'sector': 'Consumer Cyclical', 'changesPercentage': '1.04952%'}, {'sector': 'Consumer Defensive', 'changesPercentage': '0.3034%'}, {'sector': 'Energy', 'changesPercentage': '0.56932%'}, {'sector': 'Financial Services', 'changesPercentage': '0.69807%'}, {'sector': 'Healthcare', 'changesPercentage': '0.17377%'}, {'sector': 'Industrials', 'changesPercentage': '0.36273%'}, {'sector': 'Real Estate', 'changesPercentage': '1.14197%'}, {'sector': 'Technology', 'changesPercentage': '0.09687%'}, {'sector': 'Utilities', 'changesPercentage': '0.50158%'}]
2024-09-01 00:40:23,081 - app.api.stocks - INFO - Sectors data retrieved: 11 items
2024-09-01 00:40:23,083 - app.main - INFO - Completed in 0.81ms
2024-09-01 00:40:23,084 - app.main - DEBUG - Response: 200 - StreamingResponse
2024-09-01 00:40:46,481 - app.main - INFO - Request: GET http://localhost:8082/api/v1/patterns/AAPL
2024-09-01 00:40:52,599 - app.main - ERROR - Unhandled exception: [WinError 10061] 대상 컴퓨터에서 연결을 거부했으므로 연결하지 못했습니다
2024-09-01 00:41:24,272 - app.main - INFO - Request: GET http://localhost:8082/api/v1/patterns/AAPL
2024-09-01 00:41:30,339 - app.main - ERROR - Unhandled exception: [WinError 10061] 대상 컴퓨터에서 연결을 거부했으므로 연결하지 못했습니다
2024-09-01 00:42:23,029 - app.main - INFO - Request: GET http://localhost:8082/api/v1/patterns/AAPL
2024-09-01 00:42:29,109 - app.main - ERROR - Unhandled exception: [WinError 10061] 대상 컴퓨터에서 연결을 거부했으므로 연결하지 못했습니다
2024-09-01 00:51:38,328 - app.main - INFO - Request: GET http://localhost:8082/api/v1/patterns/AAPL
2024-09-01 00:51:44,392 - app.main - ERROR - Unhandled exception: [WinError 10061] 대상 컴퓨터에서 연결을 거부했으므로 연결하지 못했습니다
2024-09-01 00:55:50,338 - app.main - INFO - Request: GET http://localhost:8082/api/v1/patterns/AAPL
2024-09-01 00:55:56,400 - app.main - ERROR - Unhandled exception: [WinError 10061] 대상 컴퓨터에서 연결을 거부했으므로 연결하지 못했습니다
2024-09-01 00:58:07,063 - app.main - INFO - Request: GET http://localhost:8082/api/v1/patterns/AAPL
2024-09-01 00:58:13,124 - app.main - ERROR - Unhandled exception: [WinError 10061] 대상 컴퓨터에서 연결을 거부했으므로 연결하지 못했습니다
2024-09-01 00:59:02,620 - app.main - INFO - Shutting down the FastAPI application
2024-09-01 00:59:02,636 - app.main - INFO - Shutting down the FastAPI application
2024-09-01 00:59:09,166 - app.main - INFO - Starting up the FastAPI application
2024-09-01 00:59:09,204 - app.main - INFO - Starting up the FastAPI application
2024-09-01 01:00:04,401 - app.main - INFO - Shutting down the FastAPI application
2024-09-01 01:00:04,448 - app.main - INFO - Shutting down the FastAPI application
2024-09-01 01:00:10,630 - app.main - INFO - Starting up the FastAPI application
2024-09-01 01:00:10,736 - app.main - INFO - Starting up the FastAPI application
2024-09-01 01:00:18,173 - app.main - INFO - Starting up the FastAPI application
2024-09-01 01:00:29,652 - app.main - INFO - Request: GET http://localhost:8082/api/v1/patterns/AAPL
2024-09-01 01:00:29,653 - app.api.stocks - INFO - Starting candlestick pattern analysis for AAPL
2024-09-01 01:00:29,665 - celery.utils.functional - DEBUG - 
def xmap(task, it):
    return 1

2024-09-01 01:00:29,675 - celery.utils.functional - DEBUG - 
def chain(*args, **kwargs):
    return 1

2024-09-01 01:00:29,676 - celery.utils.functional - DEBUG - 
def backend_cleanup():
    return 1

2024-09-01 01:00:29,677 - celery.utils.functional - DEBUG - 
def xstarmap(task, it):
    return 1

2024-09-01 01:00:29,678 - celery.utils.functional - DEBUG - 
def manage_risk(symbol, risk_params):
    return 1

2024-09-01 01:00:29,680 - celery.utils.functional - DEBUG - 
def chord(self, header, body, partial_args=0, interval=1, countdown=2, max_retries=3, eager=4, **kwargs):
    return 1

2024-09-01 01:00:29,681 - celery.utils.functional - DEBUG - 
def accumulate(self, *args, **kwargs):
    return 1

2024-09-01 01:00:29,682 - celery.utils.functional - DEBUG - 
def backtest_strategy(symbol, strategy_params):
    return 1

2024-09-01 01:00:29,684 - celery.utils.functional - DEBUG - 
def chunks(task, it, n):
    return 1

2024-09-01 01:00:29,691 - celery.utils.functional - DEBUG - 
def generate_trade_signal(symbol):
    return 1

2024-09-01 01:00:29,692 - celery.utils.functional - DEBUG - 
def unlock_chord(self, group_id, callback, interval=0, max_retries=1, result=2, Result=3, GroupResult=4, result_from_tuple=5, **kwargs):
    return 1

2024-09-01 01:00:29,694 - celery.utils.functional - DEBUG - 
def analyze_trend(symbol):
    return 1

2024-09-01 01:00:29,695 - celery.utils.functional - DEBUG - 
def group(self, tasks, result, group_id, partial_args, add_to_parent=0):
    return 1

2024-09-01 01:00:29,696 - celery.utils.functional - DEBUG - 
def analyze_candlestick_patterns(symbol):
    return 1

2024-09-01 01:00:29,721 - kombu.connection - WARNING - No hostname was supplied. Reverting to default 'localhost'
2024-09-01 01:00:35,867 - app.main - ERROR - Unhandled exception: [WinError 10061] 대상 컴퓨터에서 연결을 거부했으므로 연결하지 못했습니다
2024-09-01 01:01:42,778 - app.main - INFO - Shutting down the FastAPI application
2024-09-01 01:01:42,825 - app.main - INFO - Shutting down the FastAPI application
2024-09-01 01:01:48,659 - app.main - INFO - Starting up the FastAPI application
2024-09-01 01:01:48,665 - app.main - INFO - Starting up the FastAPI application
2024-09-01 01:02:26,913 - app.main - INFO - Shutting down the FastAPI application
2024-09-01 01:02:26,931 - app.main - INFO - Shutting down the FastAPI application
2024-09-01 01:02:33,216 - app.main - INFO - Starting up the FastAPI application
2024-09-01 01:02:33,243 - app.main - INFO - Starting up the FastAPI application
2024-09-01 01:04:05,068 - app.main - INFO - Request: GET http://localhost:8082/api/v1/patterns/AAPL
2024-09-01 01:04:05,101 - app.api.stocks - INFO - Starting candlestick pattern analysis for AAPL
2024-09-01 01:04:05,126 - celery.utils.functional - DEBUG - 
def xmap(task, it):
    return 1

2024-09-01 01:04:05,151 - celery.utils.functional - DEBUG - 
def chain(*args, **kwargs):
    return 1

2024-09-01 01:04:05,169 - celery.utils.functional - DEBUG - 
def backend_cleanup():
    return 1

2024-09-01 01:04:05,176 - celery.utils.functional - DEBUG - 
def xstarmap(task, it):
    return 1

2024-09-01 01:04:05,190 - celery.utils.functional - DEBUG - 
def manage_risk(symbol, risk_params):
    return 1

2024-09-01 01:04:05,223 - celery.utils.functional - DEBUG - 
def chord(self, header, body, partial_args=0, interval=1, countdown=2, max_retries=3, eager=4, **kwargs):
    return 1

2024-09-01 01:04:05,228 - celery.utils.functional - DEBUG - 
def accumulate(self, *args, **kwargs):
    return 1

2024-09-01 01:04:05,231 - celery.utils.functional - DEBUG - 
def backtest_strategy(symbol, strategy_params):
    return 1

2024-09-01 01:04:05,234 - celery.utils.functional - DEBUG - 
def chunks(task, it, n):
    return 1

2024-09-01 01:04:05,236 - celery.utils.functional - DEBUG - 
def generate_trade_signal(symbol):
    return 1

2024-09-01 01:04:05,245 - celery.utils.functional - DEBUG - 
def unlock_chord(self, group_id, callback, interval=0, max_retries=1, result=2, Result=3, GroupResult=4, result_from_tuple=5, **kwargs):
    return 1

2024-09-01 01:04:05,249 - celery.utils.functional - DEBUG - 
def analyze_trend(symbol):
    return 1

2024-09-01 01:04:05,252 - celery.utils.functional - DEBUG - 
def group(self, tasks, result, group_id, partial_args, add_to_parent=0):
    return 1

2024-09-01 01:04:05,254 - celery.utils.functional - DEBUG - 
def analyze_candlestick_patterns(symbol):
    return 1

2024-09-01 01:04:05,308 - kombu.connection - WARNING - No hostname was supplied. Reverting to default 'localhost'
2024-09-01 01:04:11,594 - app.main - ERROR - Unhandled exception: [WinError 10061] 대상 컴퓨터에서 연결을 거부했으므로 연결하지 못했습니다
2024-09-01 01:06:13,511 - app.main - INFO - Request: GET http://localhost:8082/api/v1/patterns/AAPL
2024-09-01 01:06:13,512 - app.api.stocks - INFO - Starting candlestick pattern analysis for AAPL
2024-09-01 01:06:19,584 - app.main - ERROR - Unhandled exception: [WinError 10061] 대상 컴퓨터에서 연결을 거부했으므로 연결하지 못했습니다
2024-09-01 01:07:35,584 - app.main - INFO - Shutting down the FastAPI application
2024-09-01 15:43:58,463 - app.main - INFO - Starting up the FastAPI application
2024-09-01 15:45:53,736 - app.main - INFO - Request: GET http://localhost:8082/api/v1/patterns/AAPL
2024-09-01 15:45:53,737 - app.api.stocks - INFO - Starting candlestick pattern analysis for AAPL
2024-09-01 15:45:53,750 - celery.utils.functional - DEBUG - 
def xstarmap(task, it):
    return 1

2024-09-01 15:45:53,760 - celery.utils.functional - DEBUG - 
def manage_risk(symbol, risk_params):
    return 1

2024-09-01 15:45:53,760 - celery.utils.functional - DEBUG - 
def chord(self, header, body, partial_args=0, interval=1, countdown=2, max_retries=3, eager=4, **kwargs):
    return 1

2024-09-01 15:45:53,761 - celery.utils.functional - DEBUG - 
def accumulate(self, *args, **kwargs):
    return 1

2024-09-01 15:45:53,762 - celery.utils.functional - DEBUG - 
def backtest_strategy(symbol, strategy_params):
    return 1

2024-09-01 15:45:53,762 - celery.utils.functional - DEBUG - 
def chunks(task, it, n):
    return 1

2024-09-01 15:45:53,763 - celery.utils.functional - DEBUG - 
def generate_trade_signal(symbol):
    return 1

2024-09-01 15:45:53,765 - celery.utils.functional - DEBUG - 
def unlock_chord(self, group_id, callback, interval=0, max_retries=1, result=2, Result=3, GroupResult=4, result_from_tuple=5, **kwargs):
    return 1

2024-09-01 15:45:53,766 - celery.utils.functional - DEBUG - 
def analyze_trend(symbol):
    return 1

2024-09-01 15:45:53,767 - celery.utils.functional - DEBUG - 
def group(self, tasks, result, group_id, partial_args, add_to_parent=0):
    return 1

2024-09-01 15:45:53,768 - celery.utils.functional - DEBUG - 
def analyze_candlestick_patterns(symbol):
    return 1

2024-09-01 15:45:53,769 - celery.utils.functional - DEBUG - 
def fetch_stock_data(symbol):
    return 1

2024-09-01 15:45:53,771 - celery.utils.functional - DEBUG - 
def xmap(task, it):
    return 1

2024-09-01 15:45:53,772 - celery.utils.functional - DEBUG - 
def chain(*args, **kwargs):
    return 1

2024-09-01 15:45:53,774 - celery.utils.functional - DEBUG - 
def backend_cleanup():
    return 1

2024-09-01 15:45:53,800 - kombu.connection - WARNING - No hostname was supplied. Reverting to default 'localhost'
2024-09-01 15:45:59,974 - app.main - ERROR - Unhandled exception: [WinError 10061] 대상 컴퓨터에서 연결을 거부했으므로 연결하지 못했습니다
2024-09-01 15:47:07,678 - app.main - INFO - Shutting down the FastAPI application
2024-09-01 15:47:13,436 - app.main - INFO - Starting up the FastAPI application
2024-09-01 15:47:36,576 - app.main - INFO - Request: GET http://localhost:8082/api/v1/patterns/AAPL
2024-09-01 15:47:36,579 - app.api.stocks - INFO - Starting candlestick pattern analysis for AAPL
2024-09-01 15:47:36,594 - celery.utils.functional - DEBUG - 
def xstarmap(task, it):
    return 1

2024-09-01 15:47:36,604 - celery.utils.functional - DEBUG - 
def manage_risk(symbol, risk_params):
    return 1

2024-09-01 15:47:36,606 - celery.utils.functional - DEBUG - 
def chord(self, header, body, partial_args=0, interval=1, countdown=2, max_retries=3, eager=4, **kwargs):
    return 1

2024-09-01 15:47:36,607 - celery.utils.functional - DEBUG - 
def accumulate(self, *args, **kwargs):
    return 1

2024-09-01 15:47:36,608 - celery.utils.functional - DEBUG - 
def backtest_strategy(symbol, strategy_params):
    return 1

2024-09-01 15:47:36,609 - celery.utils.functional - DEBUG - 
def chunks(task, it, n):
    return 1

2024-09-01 15:47:36,611 - celery.utils.functional - DEBUG - 
def generate_trade_signal(symbol):
    return 1

2024-09-01 15:47:36,612 - celery.utils.functional - DEBUG - 
def unlock_chord(self, group_id, callback, interval=0, max_retries=1, result=2, Result=3, GroupResult=4, result_from_tuple=5, **kwargs):
    return 1

2024-09-01 15:47:36,614 - celery.utils.functional - DEBUG - 
def analyze_trend(symbol):
    return 1

2024-09-01 15:47:36,616 - celery.utils.functional - DEBUG - 
def group(self, tasks, result, group_id, partial_args, add_to_parent=0):
    return 1

2024-09-01 15:47:36,618 - celery.utils.functional - DEBUG - 
def analyze_candlestick_patterns(symbol):
    return 1

2024-09-01 15:47:36,619 - celery.utils.functional - DEBUG - 
def fetch_stock_data(symbol=0):
    return 1

2024-09-01 15:47:36,620 - celery.utils.functional - DEBUG - 
def xmap(task, it):
    return 1

2024-09-01 15:47:36,621 - celery.utils.functional - DEBUG - 
def chain(*args, **kwargs):
    return 1

2024-09-01 15:47:36,622 - celery.utils.functional - DEBUG - 
def backend_cleanup():
    return 1

2024-09-01 15:47:36,650 - kombu.connection - WARNING - No hostname was supplied. Reverting to default 'localhost'
2024-09-01 15:47:42,829 - app.main - ERROR - Unhandled exception: [WinError 10061] 대상 컴퓨터에서 연결을 거부했으므로 연결하지 못했습니다
2024-09-01 15:47:42,939 - app.main - INFO - Shutting down the FastAPI application
2024-09-01 15:47:48,459 - app.main - INFO - Starting up the FastAPI application
2024-09-01 15:47:53,607 - app.main - INFO - Request: GET http://localhost:8082/api/v1/patterns/AAPL
2024-09-01 15:47:53,609 - app.api.stocks - INFO - Starting candlestick pattern analysis for AAPL
2024-09-01 15:47:53,631 - celery.utils.functional - DEBUG - 
def xstarmap(task, it):
    return 1

2024-09-01 15:47:53,641 - celery.utils.functional - DEBUG - 
def manage_risk(symbol, risk_params):
    return 1

2024-09-01 15:47:53,642 - celery.utils.functional - DEBUG - 
def chord(self, header, body, partial_args=0, interval=1, countdown=2, max_retries=3, eager=4, **kwargs):
    return 1

2024-09-01 15:47:53,644 - celery.utils.functional - DEBUG - 
def accumulate(self, *args, **kwargs):
    return 1

2024-09-01 15:47:53,645 - celery.utils.functional - DEBUG - 
def backtest_strategy(symbol, strategy_params):
    return 1

2024-09-01 15:47:53,646 - celery.utils.functional - DEBUG - 
def chunks(task, it, n):
    return 1

2024-09-01 15:47:53,647 - celery.utils.functional - DEBUG - 
def generate_trade_signal(symbol):
    return 1

2024-09-01 15:47:53,649 - celery.utils.functional - DEBUG - 
def unlock_chord(self, group_id, callback, interval=0, max_retries=1, result=2, Result=3, GroupResult=4, result_from_tuple=5, **kwargs):
    return 1

2024-09-01 15:47:53,651 - celery.utils.functional - DEBUG - 
def analyze_trend(symbol):
    return 1

2024-09-01 15:47:53,652 - celery.utils.functional - DEBUG - 
def group(self, tasks, result, group_id, partial_args, add_to_parent=0):
    return 1

2024-09-01 15:47:53,654 - celery.utils.functional - DEBUG - 
def analyze_candlestick_patterns(symbol):
    return 1

2024-09-01 15:47:53,655 - celery.utils.functional - DEBUG - 
def fetch_stock_data(symbol=0):
    return 1

2024-09-01 15:47:53,656 - celery.utils.functional - DEBUG - 
def xmap(task, it):
    return 1

2024-09-01 15:47:53,657 - celery.utils.functional - DEBUG - 
def chain(*args, **kwargs):
    return 1

2024-09-01 15:47:53,659 - celery.utils.functional - DEBUG - 
def backend_cleanup():
    return 1

2024-09-01 15:47:53,685 - kombu.connection - WARNING - No hostname was supplied. Reverting to default 'localhost'
2024-09-01 15:47:59,868 - app.main - ERROR - Unhandled exception: [WinError 10061] 대상 컴퓨터에서 연결을 거부했으므로 연결하지 못했습니다
2024-09-01 15:50:43,045 - app.main - INFO - Request: GET http://localhost:8082/api/v1/patterns/AAPL
2024-09-01 15:50:43,046 - app.api.stocks - INFO - Starting candlestick pattern analysis for AAPL
2024-09-01 15:50:49,149 - app.main - ERROR - Unhandled exception: [WinError 10061] 대상 컴퓨터에서 연결을 거부했으므로 연결하지 못했습니다
2024-09-01 16:08:28,449 - app.main - INFO - Shutting down the FastAPI application
2024-09-01 16:08:33,923 - app.main - INFO - Starting up the FastAPI application
2024-09-01 16:09:01,677 - app.main - INFO - Request: GET http://localhost:8082/api/v1/patterns/AAPL
2024-09-01 16:09:01,679 - app.api.stocks - INFO - Starting candlestick pattern analysis for AAPL
2024-09-01 16:09:01,700 - celery.utils.functional - DEBUG - 
def xstarmap(task, it):
    return 1

2024-09-01 16:09:01,710 - celery.utils.functional - DEBUG - 
def manage_risk(symbol, risk_params):
    return 1

2024-09-01 16:09:01,712 - celery.utils.functional - DEBUG - 
def chord(self, header, body, partial_args=0, interval=1, countdown=2, max_retries=3, eager=4, **kwargs):
    return 1

2024-09-01 16:09:01,714 - celery.utils.functional - DEBUG - 
def accumulate(self, *args, **kwargs):
    return 1

2024-09-01 16:09:01,715 - celery.utils.functional - DEBUG - 
def backtest_strategy(symbol, strategy_params):
    return 1

2024-09-01 16:09:01,716 - celery.utils.functional - DEBUG - 
def chunks(task, it, n):
    return 1

2024-09-01 16:09:01,717 - celery.utils.functional - DEBUG - 
def generate_trade_signal(symbol):
    return 1

2024-09-01 16:09:01,719 - celery.utils.functional - DEBUG - 
def unlock_chord(self, group_id, callback, interval=0, max_retries=1, result=2, Result=3, GroupResult=4, result_from_tuple=5, **kwargs):
    return 1

2024-09-01 16:09:01,720 - celery.utils.functional - DEBUG - 
def analyze_trend(symbol):
    return 1

2024-09-01 16:09:01,721 - celery.utils.functional - DEBUG - 
def group(self, tasks, result, group_id, partial_args, add_to_parent=0):
    return 1

2024-09-01 16:09:01,723 - celery.utils.functional - DEBUG - 
def analyze_candlestick_patterns(symbol):
    return 1

2024-09-01 16:09:01,724 - celery.utils.functional - DEBUG - 
def fetch_stock_data(symbol=0):
    return 1

2024-09-01 16:09:01,725 - celery.utils.functional - DEBUG - 
def xmap(task, it):
    return 1

2024-09-01 16:09:01,726 - celery.utils.functional - DEBUG - 
def chain(*args, **kwargs):
    return 1

2024-09-01 16:09:01,727 - celery.utils.functional - DEBUG - 
def backend_cleanup():
    return 1

2024-09-01 16:09:01,753 - kombu.connection - WARNING - No hostname was supplied. Reverting to default 'localhost'
2024-09-01 16:09:07,948 - app.main - ERROR - Unhandled exception: [WinError 10061] 대상 컴퓨터에서 연결을 거부했으므로 연결하지 못했습니다
2024-09-01 16:10:13,095 - app.main - INFO - Request: GET http://localhost:8082/api/v1/sectors
2024-09-01 16:10:13,096 - app.api.stocks - INFO - Fetching sectors performance data
2024-09-01 16:10:13,096 - app.api.stocks - INFO - Calling API: https://financialmodelingprep.com/api/v3/sectors-performance with params: {'apikey': 'BUxljyvDEfS76UE7TH5btuezouFC71mq'}
2024-09-01 16:10:15,133 - app.api.stocks - INFO - API call successful: https://financialmodelingprep.com/api/v3/sectors-performance
2024-09-01 16:10:15,134 - app.api.stocks - INFO - API call data: [{'sector': 'Basic Materials', 'changesPercentage': '0.66604%'}, {'sector': 'Communication Services', 'changesPercentage': '0.08628%'}, {'sector': 'Consumer Cyclical', 'changesPercentage': '1.04952%'}, {'sector': 'Consumer Defensive', 'changesPercentage': '0.3034%'}, {'sector': 'Energy', 'changesPercentage': '0.56932%'}, {'sector': 'Financial Services', 'changesPercentage': '0.69807%'}, {'sector': 'Healthcare', 'changesPercentage': '0.17377%'}, {'sector': 'Industrials', 'changesPercentage': '0.36273%'}, {'sector': 'Real Estate', 'changesPercentage': '1.14197%'}, {'sector': 'Technology', 'changesPercentage': '0.09687%'}, {'sector': 'Utilities', 'changesPercentage': '0.50158%'}]
2024-09-01 16:10:15,135 - app.api.stocks - INFO - Sectors data retrieved: 11 items
2024-09-01 16:10:15,137 - app.main - INFO - Completed in 2.04ms
2024-09-01 16:10:15,137 - app.main - DEBUG - Response: 200 - StreamingResponse
2024-09-01 16:10:31,379 - app.main - INFO - Request: GET http://localhost:8082/api/v1/patterns/AAPL
2024-09-01 16:10:31,381 - app.api.stocks - INFO - Starting candlestick pattern analysis for AAPL
2024-09-01 16:10:37,480 - app.main - ERROR - Unhandled exception: [WinError 10061] 대상 컴퓨터에서 연결을 거부했으므로 연결하지 못했습니다
2024-09-01 16:11:56,727 - app.main - INFO - Request: GET http://localhost:8082/api/v1/patterns/AAPL
2024-09-01 16:11:56,729 - app.api.stocks - INFO - Starting candlestick pattern analysis for AAPL
2024-09-01 16:12:02,835 - app.main - ERROR - Unhandled exception: [WinError 10061] 대상 컴퓨터에서 연결을 거부했으므로 연결하지 못했습니다
2024-09-01 16:15:25,441 - app.main - INFO - Shutting down the FastAPI application
2024-09-01 16:15:30,759 - app.main - INFO - Starting up the FastAPI application
2024-09-01 16:15:34,488 - app.main - INFO - Request: GET http://localhost:8082/api/v1/patterns/AAPL
2024-09-01 16:15:34,490 - app.api.stocks - INFO - Starting candlestick pattern analysis for AAPL
2024-09-01 16:15:34,517 - celery.utils.functional - DEBUG - 
def xstarmap(task, it):
    return 1

2024-09-01 16:15:34,530 - celery.utils.functional - DEBUG - 
def manage_risk(symbol, risk_params):
    return 1

2024-09-01 16:15:34,533 - celery.utils.functional - DEBUG - 
def chord(self, header, body, partial_args=0, interval=1, countdown=2, max_retries=3, eager=4, **kwargs):
    return 1

2024-09-01 16:15:34,535 - celery.utils.functional - DEBUG - 
def accumulate(self, *args, **kwargs):
    return 1

2024-09-01 16:15:34,536 - celery.utils.functional - DEBUG - 
def backtest_strategy(symbol, strategy_params):
    return 1

2024-09-01 16:15:34,538 - celery.utils.functional - DEBUG - 
def chunks(task, it, n):
    return 1

2024-09-01 16:15:34,540 - celery.utils.functional - DEBUG - 
def generate_trade_signal(symbol):
    return 1

2024-09-01 16:15:34,542 - celery.utils.functional - DEBUG - 
def fetch_stock_data(symbol=0):
    return 1

2024-09-01 16:15:34,544 - celery.utils.functional - DEBUG - 
def unlock_chord(self, group_id, callback, interval=0, max_retries=1, result=2, Result=3, GroupResult=4, result_from_tuple=5, **kwargs):
    return 1

2024-09-01 16:15:34,546 - celery.utils.functional - DEBUG - 
def analyze_trend(symbol):
    return 1

2024-09-01 16:15:34,547 - celery.utils.functional - DEBUG - 
def group(self, tasks, result, group_id, partial_args, add_to_parent=0):
    return 1

2024-09-01 16:15:34,548 - celery.utils.functional - DEBUG - 
def analyze_candlestick_patterns(symbol):
    return 1

2024-09-01 16:15:34,549 - celery.utils.functional - DEBUG - 
def xmap(task, it):
    return 1

2024-09-01 16:15:34,550 - celery.utils.functional - DEBUG - 
def chain(*args, **kwargs):
    return 1

2024-09-01 16:15:34,551 - celery.utils.functional - DEBUG - 
def backend_cleanup():
    return 1

2024-09-01 16:15:34,576 - kombu.connection - WARNING - No hostname was supplied. Reverting to default 'localhost'
2024-09-01 16:15:40,762 - app.main - ERROR - Unhandled exception: [WinError 10061] 대상 컴퓨터에서 연결을 거부했으므로 연결하지 못했습니다
2024-09-01 16:17:09,824 - app.main - INFO - Shutting down the FastAPI application
2024-09-01 16:17:17,417 - app.main - INFO - Starting up the FastAPI application
2024-09-01 16:17:56,397 - app.main - INFO - Request: GET http://localhost:8082/api/v1/patterns/AAPL
2024-09-01 16:17:56,399 - app.api.stocks - INFO - Starting candlestick pattern analysis for AAPL
2024-09-01 16:17:56,412 - celery.utils.functional - DEBUG - 
def xstarmap(task, it):
    return 1

2024-09-01 16:17:56,422 - celery.utils.functional - DEBUG - 
def manage_risk(symbol, risk_params):
    return 1

2024-09-01 16:17:56,423 - celery.utils.functional - DEBUG - 
def chord(self, header, body, partial_args=0, interval=1, countdown=2, max_retries=3, eager=4, **kwargs):
    return 1

2024-09-01 16:17:56,425 - celery.utils.functional - DEBUG - 
def accumulate(self, *args, **kwargs):
    return 1

2024-09-01 16:17:56,426 - celery.utils.functional - DEBUG - 
def backtest_strategy(symbol, strategy_params):
    return 1

2024-09-01 16:17:56,427 - celery.utils.functional - DEBUG - 
def chunks(task, it, n):
    return 1

2024-09-01 16:17:56,428 - celery.utils.functional - DEBUG - 
def generate_trade_signal(symbol):
    return 1

2024-09-01 16:17:56,429 - celery.utils.functional - DEBUG - 
def fetch_stock_data(symbol=0):
    return 1

2024-09-01 16:17:56,430 - celery.utils.functional - DEBUG - 
def unlock_chord(self, group_id, callback, interval=0, max_retries=1, result=2, Result=3, GroupResult=4, result_from_tuple=5, **kwargs):
    return 1

2024-09-01 16:17:56,432 - celery.utils.functional - DEBUG - 
def analyze_trend(symbol):
    return 1

2024-09-01 16:17:56,433 - celery.utils.functional - DEBUG - 
def group(self, tasks, result, group_id, partial_args, add_to_parent=0):
    return 1

2024-09-01 16:17:56,434 - celery.utils.functional - DEBUG - 
def analyze_candlestick_patterns(symbol):
    return 1

2024-09-01 16:17:56,435 - celery.utils.functional - DEBUG - 
def xmap(task, it):
    return 1

2024-09-01 16:17:56,437 - celery.utils.functional - DEBUG - 
def chain(*args, **kwargs):
    return 1

2024-09-01 16:17:56,438 - celery.utils.functional - DEBUG - 
def backend_cleanup():
    return 1

2024-09-01 16:17:56,461 - kombu.connection - WARNING - No hostname was supplied. Reverting to default 'localhost'
2024-09-01 16:18:02,616 - app.main - ERROR - Unhandled exception: [WinError 10061] 대상 컴퓨터에서 연결을 거부했으므로 연결하지 못했습니다
2024-09-01 16:18:13,789 - app.main - INFO - Request: GET http://localhost:8082/api/v1/patterns/AAPL
2024-09-01 16:18:13,790 - app.api.stocks - INFO - Starting candlestick pattern analysis for AAPL
2024-09-01 16:18:19,881 - app.main - ERROR - Unhandled exception: [WinError 10061] 대상 컴퓨터에서 연결을 거부했으므로 연결하지 못했습니다
2024-09-01 16:22:13,393 - app.main - INFO - Shutting down the FastAPI application
2024-09-01 16:22:19,838 - app.main - INFO - Starting up the FastAPI application
2024-09-01 16:22:25,370 - app.main - INFO - Starting up the FastAPI application
2024-09-01 16:23:00,564 - app.main - INFO - Shutting down the FastAPI application
2024-09-01 16:23:06,062 - app.main - INFO - Starting up the FastAPI application
2024-09-01 16:23:13,258 - app.main - INFO - Starting up the FastAPI application
2024-09-01 16:23:26,368 - app.main - INFO - Shutting down the FastAPI application
2024-09-01 16:23:31,794 - app.main - INFO - Starting up the FastAPI application
2024-09-01 16:24:30,313 - app.main - INFO - Shutting down the FastAPI application
2024-09-01 16:24:37,136 - app.main - INFO - Starting up the FastAPI application
2024-09-01 16:24:54,282 - app.main - INFO - Starting up the FastAPI application
2024-09-01 16:25:02,926 - app.main - INFO - Starting up the FastAPI application
2024-09-01 16:25:04,232 - app.main - INFO - Shutting down the FastAPI application
2024-09-01 16:25:10,989 - app.main - INFO - Starting up the FastAPI application
2024-09-01 16:32:13,359 - app.main - INFO - Shutting down the FastAPI application
2024-09-01 16:32:18,711 - app.main - INFO - Starting up the FastAPI application
2024-09-01 16:32:54,310 - app.main - INFO - Request: GET http://localhost:8082/api/v1/patterns/AAPL
2024-09-01 16:32:54,312 - app.api.stocks - INFO - Starting candlestick pattern analysis for AAPL
2024-09-01 16:32:54,331 - celery.utils.functional - DEBUG - 
def xstarmap(task, it):
    return 1

2024-09-01 16:32:54,343 - celery.utils.functional - DEBUG - 
def manage_risk(symbol, risk_params):
    return 1

2024-09-01 16:32:54,345 - celery.utils.functional - DEBUG - 
def chord(self, header, body, partial_args=0, interval=1, countdown=2, max_retries=3, eager=4, **kwargs):
    return 1

2024-09-01 16:32:54,346 - celery.utils.functional - DEBUG - 
def accumulate(self, *args, **kwargs):
    return 1

2024-09-01 16:32:54,347 - celery.utils.functional - DEBUG - 
def backtest_strategy(symbol, strategy_params):
    return 1

2024-09-01 16:32:54,348 - celery.utils.functional - DEBUG - 
def chunks(task, it, n):
    return 1

2024-09-01 16:32:54,350 - celery.utils.functional - DEBUG - 
def generate_trade_signal(symbol):
    return 1

2024-09-01 16:32:54,352 - celery.utils.functional - DEBUG - 
def unlock_chord(self, group_id, callback, interval=0, max_retries=1, result=2, Result=3, GroupResult=4, result_from_tuple=5, **kwargs):
    return 1

2024-09-01 16:32:54,353 - celery.utils.functional - DEBUG - 
def analyze_trend(symbol):
    return 1

2024-09-01 16:32:54,354 - celery.utils.functional - DEBUG - 
def group(self, tasks, result, group_id, partial_args, add_to_parent=0):
    return 1

2024-09-01 16:32:54,356 - celery.utils.functional - DEBUG - 
def analyze_candlestick_patterns(symbol):
    return 1

2024-09-01 16:32:54,357 - celery.utils.functional - DEBUG - 
def fetch_stock_data(symbol=0):
    return 1

2024-09-01 16:32:54,358 - celery.utils.functional - DEBUG - 
def xmap(task, it):
    return 1

2024-09-01 16:32:54,359 - celery.utils.functional - DEBUG - 
def chain(*args, **kwargs):
    return 1

2024-09-01 16:32:54,360 - celery.utils.functional - DEBUG - 
def backend_cleanup():
    return 1

2024-09-01 16:32:54,386 - kombu.connection - WARNING - No hostname was supplied. Reverting to default 'localhost'
2024-09-01 16:33:00,566 - app.main - ERROR - Unhandled exception: [WinError 10061] 대상 컴퓨터에서 연결을 거부했으므로 연결하지 못했습니다
2024-09-01 16:33:16,255 - app.main - INFO - Shutting down the FastAPI application
2024-09-01 16:33:21,598 - app.main - INFO - Starting up the FastAPI application
2024-09-01 16:34:16,196 - app.main - INFO - Shutting down the FastAPI application
2024-09-01 16:34:21,450 - app.main - INFO - Starting up the FastAPI application
2024-09-01 16:39:43,740 - app.main - INFO - Request: GET http://localhost:8082/api/v1/patterns/AAPL
2024-09-01 16:39:43,741 - app.api.stocks - INFO - Starting candlestick pattern analysis for AAPL
2024-09-01 16:39:43,757 - celery.utils.functional - DEBUG - 
def xstarmap(task, it):
    return 1

2024-09-01 16:39:43,766 - celery.utils.functional - DEBUG - 
def manage_risk(symbol, risk_params):
    return 1

2024-09-01 16:39:43,768 - celery.utils.functional - DEBUG - 
def chord(self, header, body, partial_args=0, interval=1, countdown=2, max_retries=3, eager=4, **kwargs):
    return 1

2024-09-01 16:39:43,769 - celery.utils.functional - DEBUG - 
def accumulate(self, *args, **kwargs):
    return 1

2024-09-01 16:39:43,771 - celery.utils.functional - DEBUG - 
def backtest_strategy(symbol, strategy_params):
    return 1

2024-09-01 16:39:43,772 - celery.utils.functional - DEBUG - 
def chunks(task, it, n):
    return 1

2024-09-01 16:39:43,773 - celery.utils.functional - DEBUG - 
def generate_trade_signal(symbol):
    return 1

2024-09-01 16:39:43,774 - celery.utils.functional - DEBUG - 
def fetch_stock_data(symbol=0):
    return 1

2024-09-01 16:39:43,776 - celery.utils.functional - DEBUG - 
def unlock_chord(self, group_id, callback, interval=0, max_retries=1, result=2, Result=3, GroupResult=4, result_from_tuple=5, **kwargs):
    return 1

2024-09-01 16:39:43,777 - celery.utils.functional - DEBUG - 
def analyze_trend(symbol):
    return 1

2024-09-01 16:39:43,778 - celery.utils.functional - DEBUG - 
def group(self, tasks, result, group_id, partial_args, add_to_parent=0):
    return 1

2024-09-01 16:39:43,780 - celery.utils.functional - DEBUG - 
def analyze_candlestick_patterns(symbol):
    return 1

2024-09-01 16:39:43,782 - celery.utils.functional - DEBUG - 
def xmap(task, it):
    return 1

2024-09-01 16:39:43,783 - celery.utils.functional - DEBUG - 
def chain(*args, **kwargs):
    return 1

2024-09-01 16:39:43,784 - celery.utils.functional - DEBUG - 
def backend_cleanup():
    return 1

2024-09-01 16:39:43,810 - kombu.connection - WARNING - No hostname was supplied. Reverting to default 'localhost'
2024-09-01 16:39:49,964 - app.main - ERROR - Unhandled exception: [WinError 10061] 대상 컴퓨터에서 연결을 거부했으므로 연결하지 못했습니다
2024-09-01 16:46:44,333 - app.main - INFO - Shutting down the FastAPI application
2024-09-01 16:46:50,191 - app.main - INFO - Starting up the FastAPI application
2024-09-01 16:46:53,477 - app.main - INFO - Shutting down the FastAPI application
2024-09-01 16:49:38,776 - app.main - INFO - Starting up the FastAPI application
2024-09-01 16:51:35,016 - app.main - INFO - Shutting down the FastAPI application
2024-09-01 16:51:40,441 - app.main - INFO - Starting up the FastAPI application
2024-09-01 16:52:10,825 - app.main - INFO - Request: GET http://localhost:8082/api/v1/patterns/AAPL
2024-09-01 16:52:10,826 - app.api.stocks - INFO - Starting candlestick pattern analysis for AAPL
2024-09-01 16:52:10,840 - celery.utils.functional - DEBUG - 
def xstarmap(task, it):
    return 1

2024-09-01 16:52:10,851 - celery.utils.functional - DEBUG - 
def manage_risk(symbol, risk_params):
    return 1

2024-09-01 16:52:10,852 - celery.utils.functional - DEBUG - 
def chord(self, header, body, partial_args=0, interval=1, countdown=2, max_retries=3, eager=4, **kwargs):
    return 1

2024-09-01 16:52:10,853 - celery.utils.functional - DEBUG - 
def accumulate(self, *args, **kwargs):
    return 1

2024-09-01 16:52:10,855 - celery.utils.functional - DEBUG - 
def backtest_strategy(symbol, strategy_params):
    return 1

2024-09-01 16:52:10,856 - celery.utils.functional - DEBUG - 
def chunks(task, it, n):
    return 1

2024-09-01 16:52:10,858 - celery.utils.functional - DEBUG - 
def generate_trade_signal(symbol):
    return 1

2024-09-01 16:52:10,860 - celery.utils.functional - DEBUG - 
def unlock_chord(self, group_id, callback, interval=0, max_retries=1, result=2, Result=3, GroupResult=4, result_from_tuple=5, **kwargs):
    return 1

2024-09-01 16:52:10,862 - celery.utils.functional - DEBUG - 
def analyze_trend(symbol):
    return 1

2024-09-01 16:52:10,863 - celery.utils.functional - DEBUG - 
def group(self, tasks, result, group_id, partial_args, add_to_parent=0):
    return 1

2024-09-01 16:52:10,865 - celery.utils.functional - DEBUG - 
def analyze_candlestick_patterns(symbol):
    return 1

2024-09-01 16:52:10,867 - celery.utils.functional - DEBUG - 
def fetch_stock_data(symbol=0):
    return 1

2024-09-01 16:52:10,869 - celery.utils.functional - DEBUG - 
def xmap(task, it):
    return 1

2024-09-01 16:52:10,871 - celery.utils.functional - DEBUG - 
def chain(*args, **kwargs):
    return 1

2024-09-01 16:52:10,872 - celery.utils.functional - DEBUG - 
def backend_cleanup():
    return 1

2024-09-01 16:52:10,899 - kombu.connection - WARNING - No hostname was supplied. Reverting to default 'localhost'
2024-09-01 16:52:17,083 - app.main - ERROR - Unhandled exception: [WinError 10061] 대상 컴퓨터에서 연결을 거부했으므로 연결하지 못했습니다
2024-09-01 17:01:04,319 - app.main - INFO - Shutting down the FastAPI application
2024-09-01 17:01:09,845 - app.main - INFO - Starting up the FastAPI application
2024-09-01 17:02:35,570 - app.main - INFO - Shutting down the FastAPI application
2024-09-01 17:02:40,778 - app.main - INFO - Starting up the FastAPI application
2024-09-01 17:02:56,092 - app.main - INFO - Request: GET http://localhost:8082/api/v1/patterns/AAPL
2024-09-01 17:02:56,094 - app.api.stocks - INFO - Starting candlestick pattern analysis for AAPL
2024-09-01 17:02:56,107 - celery.utils.functional - DEBUG - 
def xstarmap(task, it):
    return 1

2024-09-01 17:02:56,117 - celery.utils.functional - DEBUG - 
def manage_risk(symbol, risk_params):
    return 1

2024-09-01 17:02:56,118 - celery.utils.functional - DEBUG - 
def chord(self, header, body, partial_args=0, interval=1, countdown=2, max_retries=3, eager=4, **kwargs):
    return 1

2024-09-01 17:02:56,120 - celery.utils.functional - DEBUG - 
def accumulate(self, *args, **kwargs):
    return 1

2024-09-01 17:02:56,121 - celery.utils.functional - DEBUG - 
def backtest_strategy(symbol, strategy_params):
    return 1

2024-09-01 17:02:56,122 - celery.utils.functional - DEBUG - 
def chunks(task, it, n):
    return 1

2024-09-01 17:02:56,123 - celery.utils.functional - DEBUG - 
def generate_trade_signal(symbol):
    return 1

2024-09-01 17:02:56,124 - celery.utils.functional - DEBUG - 
def fetch_stock_data(symbol=0):
    return 1

2024-09-01 17:02:56,126 - celery.utils.functional - DEBUG - 
def unlock_chord(self, group_id, callback, interval=0, max_retries=1, result=2, Result=3, GroupResult=4, result_from_tuple=5, **kwargs):
    return 1

2024-09-01 17:02:56,128 - celery.utils.functional - DEBUG - 
def analyze_trend(symbol):
    return 1

2024-09-01 17:02:56,129 - celery.utils.functional - DEBUG - 
def group(self, tasks, result, group_id, partial_args, add_to_parent=0):
    return 1

2024-09-01 17:02:56,131 - celery.utils.functional - DEBUG - 
def analyze_candlestick_patterns(symbol):
    return 1

2024-09-01 17:02:56,132 - celery.utils.functional - DEBUG - 
def xmap(task, it):
    return 1

2024-09-01 17:02:56,134 - celery.utils.functional - DEBUG - 
def chain(*args, **kwargs):
    return 1

2024-09-01 17:02:56,135 - celery.utils.functional - DEBUG - 
def backend_cleanup():
    return 1

2024-09-01 17:02:56,163 - kombu.connection - WARNING - No hostname was supplied. Reverting to default 'localhost'
2024-09-01 17:03:02,399 - app.main - ERROR - Unhandled exception: [WinError 10061] 대상 컴퓨터에서 연결을 거부했으므로 연결하지 못했습니다
2024-09-01 17:05:46,603 - app.main - INFO - Shutting down the FastAPI application
2024-09-01 17:05:52,034 - app.main - INFO - Starting up the FastAPI application
2024-09-01 17:06:01,900 - app.main - INFO - Request: GET http://localhost:8082/api/v1/patterns/AAPL
2024-09-01 17:06:01,903 - app.api.stocks - INFO - Starting candlestick pattern analysis for AAPL
2024-09-01 17:06:01,921 - celery.utils.functional - DEBUG - 
def xstarmap(task, it):
    return 1

2024-09-01 17:06:01,933 - celery.utils.functional - DEBUG - 
def manage_risk(symbol, risk_params):
    return 1

2024-09-01 17:06:01,935 - celery.utils.functional - DEBUG - 
def chord(self, header, body, partial_args=0, interval=1, countdown=2, max_retries=3, eager=4, **kwargs):
    return 1

2024-09-01 17:06:01,937 - celery.utils.functional - DEBUG - 
def accumulate(self, *args, **kwargs):
    return 1

2024-09-01 17:06:01,939 - celery.utils.functional - DEBUG - 
def backtest_strategy(symbol, strategy_params):
    return 1

2024-09-01 17:06:01,940 - celery.utils.functional - DEBUG - 
def chunks(task, it, n):
    return 1

2024-09-01 17:06:01,942 - celery.utils.functional - DEBUG - 
def generate_trade_signal(symbol):
    return 1

2024-09-01 17:06:01,944 - celery.utils.functional - DEBUG - 
def unlock_chord(self, group_id, callback, interval=0, max_retries=1, result=2, Result=3, GroupResult=4, result_from_tuple=5, **kwargs):
    return 1

2024-09-01 17:06:01,946 - celery.utils.functional - DEBUG - 
def analyze_trend(symbol):
    return 1

2024-09-01 17:06:01,948 - celery.utils.functional - DEBUG - 
def group(self, tasks, result, group_id, partial_args, add_to_parent=0):
    return 1

2024-09-01 17:06:01,950 - celery.utils.functional - DEBUG - 
def analyze_candlestick_patterns(symbol):
    return 1

2024-09-01 17:06:01,952 - celery.utils.functional - DEBUG - 
def fetch_stock_data(symbol=0):
    return 1

2024-09-01 17:06:01,954 - celery.utils.functional - DEBUG - 
def xmap(task, it):
    return 1

2024-09-01 17:06:01,956 - celery.utils.functional - DEBUG - 
def chain(*args, **kwargs):
    return 1

2024-09-01 17:06:01,958 - celery.utils.functional - DEBUG - 
def backend_cleanup():
    return 1

2024-09-01 17:06:02,004 - kombu.connection - WARNING - No hostname was supplied. Reverting to default 'localhost'
2024-09-01 17:06:08,576 - app.main - ERROR - Unhandled exception: [WinError 10061] 대상 컴퓨터에서 연결을 거부했으므로 연결하지 못했습니다
2024-09-01 17:06:15,905 - app.main - INFO - Shutting down the FastAPI application
2024-09-01 17:06:22,478 - app.main - INFO - Starting up the FastAPI application
2024-09-01 17:06:22,677 - app.main - INFO - Request: GET http://localhost:8082/api/v1/patterns/AAPL
2024-09-01 17:06:22,679 - app.api.stocks - INFO - Starting candlestick pattern analysis for AAPL
2024-09-01 17:06:22,697 - celery.utils.functional - DEBUG - 
def xstarmap(task, it):
    return 1

2024-09-01 17:06:22,710 - celery.utils.functional - DEBUG - 
def manage_risk(symbol, risk_params):
    return 1

2024-09-01 17:06:22,712 - celery.utils.functional - DEBUG - 
def chord(self, header, body, partial_args=0, interval=1, countdown=2, max_retries=3, eager=4, **kwargs):
    return 1

2024-09-01 17:06:22,713 - celery.utils.functional - DEBUG - 
def accumulate(self, *args, **kwargs):
    return 1

2024-09-01 17:06:22,715 - celery.utils.functional - DEBUG - 
def backtest_strategy(symbol, strategy_params):
    return 1

2024-09-01 17:06:22,716 - celery.utils.functional - DEBUG - 
def chunks(task, it, n):
    return 1

2024-09-01 17:06:22,718 - celery.utils.functional - DEBUG - 
def generate_trade_signal(symbol):
    return 1

2024-09-01 17:06:22,719 - celery.utils.functional - DEBUG - 
def fetch_stock_data(symbol=0):
    return 1

2024-09-01 17:06:22,720 - celery.utils.functional - DEBUG - 
def unlock_chord(self, group_id, callback, interval=0, max_retries=1, result=2, Result=3, GroupResult=4, result_from_tuple=5, **kwargs):
    return 1

2024-09-01 17:06:22,721 - celery.utils.functional - DEBUG - 
def analyze_trend(symbol):
    return 1

2024-09-01 17:06:22,722 - celery.utils.functional - DEBUG - 
def group(self, tasks, result, group_id, partial_args, add_to_parent=0):
    return 1

2024-09-01 17:06:22,724 - celery.utils.functional - DEBUG - 
def analyze_candlestick_patterns(symbol):
    return 1

2024-09-01 17:06:22,725 - celery.utils.functional - DEBUG - 
def xmap(task, it):
    return 1

2024-09-01 17:06:22,726 - celery.utils.functional - DEBUG - 
def chain(*args, **kwargs):
    return 1

2024-09-01 17:06:22,727 - celery.utils.functional - DEBUG - 
def backend_cleanup():
    return 1

2024-09-01 17:06:22,750 - kombu.connection - WARNING - No hostname was supplied. Reverting to default 'localhost'
2024-09-01 17:06:28,915 - app.main - ERROR - Unhandled exception: [WinError 10061] 대상 컴퓨터에서 연결을 거부했으므로 연결하지 못했습니다
2024-09-01 17:06:40,996 - app.main - INFO - Shutting down the FastAPI application
2024-09-01 17:06:46,165 - app.main - INFO - Starting up the FastAPI application
2024-09-01 17:07:00,821 - app.main - INFO - Request: GET http://localhost:8082/api/v1/patterns/AAPL
2024-09-01 17:07:00,823 - app.api.stocks - INFO - Starting candlestick pattern analysis for AAPL
2024-09-01 17:07:00,879 - celery.utils.functional - DEBUG - 
def xstarmap(task, it):
    return 1

2024-09-01 17:07:00,946 - celery.utils.functional - DEBUG - 
def manage_risk(symbol, risk_params):
    return 1

2024-09-01 17:07:00,949 - celery.utils.functional - DEBUG - 
def chord(self, header, body, partial_args=0, interval=1, countdown=2, max_retries=3, eager=4, **kwargs):
    return 1

2024-09-01 17:07:00,951 - celery.utils.functional - DEBUG - 
def accumulate(self, *args, **kwargs):
    return 1

2024-09-01 17:07:00,953 - celery.utils.functional - DEBUG - 
def backtest_strategy(symbol, strategy_params):
    return 1

2024-09-01 17:07:00,955 - celery.utils.functional - DEBUG - 
def chunks(task, it, n):
    return 1

2024-09-01 17:07:00,960 - celery.utils.functional - DEBUG - 
def generate_trade_signal(symbol):
    return 1

2024-09-01 17:07:00,970 - celery.utils.functional - DEBUG - 
def unlock_chord(self, group_id, callback, interval=0, max_retries=1, result=2, Result=3, GroupResult=4, result_from_tuple=5, **kwargs):
    return 1

2024-09-01 17:07:00,977 - celery.utils.functional - DEBUG - 
def analyze_trend(symbol):
    return 1

2024-09-01 17:07:00,982 - celery.utils.functional - DEBUG - 
def group(self, tasks, result, group_id, partial_args, add_to_parent=0):
    return 1

2024-09-01 17:07:00,986 - celery.utils.functional - DEBUG - 
def analyze_candlestick_patterns(symbol):
    return 1

2024-09-01 17:07:00,989 - celery.utils.functional - DEBUG - 
def fetch_stock_data(symbol=0):
    return 1

2024-09-01 17:07:01,001 - celery.utils.functional - DEBUG - 
def xmap(task, it):
    return 1

2024-09-01 17:07:01,005 - celery.utils.functional - DEBUG - 
def chain(*args, **kwargs):
    return 1

2024-09-01 17:07:01,016 - celery.utils.functional - DEBUG - 
def backend_cleanup():
    return 1

2024-09-01 17:07:01,086 - kombu.connection - WARNING - No hostname was supplied. Reverting to default 'localhost'
2024-09-01 17:07:07,531 - app.main - ERROR - Unhandled exception: [WinError 10061] 대상 컴퓨터에서 연결을 거부했으므로 연결하지 못했습니다
2024-09-01 17:08:01,882 - app.main - INFO - Shutting down the FastAPI application
2024-09-01 17:08:07,942 - app.main - INFO - Starting up the FastAPI application
2024-09-01 17:08:13,061 - app.main - INFO - Starting up the FastAPI application
2024-09-01 17:09:05,273 - app.main - INFO - Shutting down the FastAPI application
2024-09-01 17:12:48,076 - __main__ - INFO - Successfully connected to Redis
2024-09-01 17:12:48,220 - __main__ - INFO - Starting FastAPI application
2024-09-01 17:12:48,323 - __main__ - INFO - Application startup: FastAPI running
2024-09-01 17:12:48,325 - __main__ - INFO - Application shutdown
2024-09-01 17:14:04,963 - __main__ - INFO - Successfully connected to Redis
2024-09-01 17:14:05,092 - __main__ - INFO - Starting FastAPI application
2024-09-01 17:14:05,188 - __main__ - INFO - Starting up the FastAPI application
2024-09-01 17:14:05,191 - __main__ - INFO - Shutting down the FastAPI application
2024-09-01 17:14:43,838 - __main__ - INFO - Successfully connected to Redis
2024-09-01 17:14:43,976 - __main__ - INFO - Starting FastAPI application
2024-09-01 17:14:44,075 - __main__ - INFO - Starting up the FastAPI application
2024-09-01 17:15:16,896 - __main__ - INFO - Successfully interacted with Redis
2024-09-01 21:17:18,831 - __main__ - INFO - Shutting down the FastAPI application
